<?xml version="1.0" encoding="UTF-8"?>
<testng-results ignored="0" total="2" passed="2" failed="0" skipped="0">
  <reporter-output>
  </reporter-output>
  <suite started-at="2024-03-09T22:55:45 IST" name="Suite" finished-at="2024-03-09T22:55:53 IST" duration-ms="7925">
    <groups>
      <group name="cucumber">
        <method signature="AbstractTestNGCucumberTests.runScenario(io.cucumber.testng.PickleWrapper,io.cucumber.testng.FeatureWrapper)[pri:0, instance:testFeature.RunnerClass@7db12bb6]" name="runScenario" class="io.cucumber.testng.AbstractTestNGCucumberTests"/>
      </group> <!-- cucumber -->
    </groups>
    <test started-at="2024-03-09T22:55:45 IST" name="Test" finished-at="2024-03-09T22:55:53 IST" duration-ms="7925">
      <class name="testFeature.RunnerClass">
        <test-method is-config="true" signature="setUpClass(org.testng.ITestContext)[pri:0, instance:testFeature.RunnerClass@7db12bb6]" started-at="2024-03-09T22:55:45 IST" name="setUpClass" finished-at="2024-03-09T22:55:46 IST" duration-ms="420" status="PASS">
          <params>
            <param index="0">
              <value>
                <![CDATA[org.testng.TestRunner@517a2b0]]>
              </value>
            </param>
          </params>
          <reporter-output>
          </reporter-output>
        </test-method> <!-- setUpClass -->
        <test-method signature="runScenario(io.cucumber.testng.PickleWrapper,io.cucumber.testng.FeatureWrapper)[pri:0, instance:testFeature.RunnerClass@7db12bb6]" started-at="2024-03-09T22:55:46 IST" name="runScenario" description="Runs Cucumber Scenarios" data-provider="scenarios" finished-at="2024-03-09T22:55:51 IST" duration-ms="4934" status="PASS">
          <params>
            <param index="0">
              <value>
                <![CDATA["Fill Registration Form"]]>
              </value>
            </param>
            <param index="1">
              <value>
                <![CDATA["Register Page Functionality"]]>
              </value>
            </param>
          </params>
          <reporter-output>
          </reporter-output>
        </test-method> <!-- runScenario -->
        <test-method signature="runScenario(io.cucumber.testng.PickleWrapper,io.cucumber.testng.FeatureWrapper)[pri:0, instance:testFeature.RunnerClass@7db12bb6]" started-at="2024-03-09T22:55:51 IST" name="runScenario" description="Runs Cucumber Scenarios" data-provider="scenarios" finished-at="2024-03-09T22:55:53 IST" duration-ms="2506" status="PASS">
          <params>
            <param index="0">
              <value>
                <![CDATA["Login with username and password"]]>
              </value>
            </param>
            <param index="1">
              <value>
                <![CDATA["login funcitionality"]]>
              </value>
            </param>
          </params>
          <reporter-output>
          </reporter-output>
        </test-method> <!-- runScenario -->
        <test-method is-config="true" signature="tearDownClass()[pri:0, instance:testFeature.RunnerClass@7db12bb6]" started-at="2024-03-09T22:55:53 IST" name="tearDownClass" finished-at="2024-03-09T22:55:53 IST" duration-ms="26" status="PASS">
          <reporter-output>
          </reporter-output>
        </test-method> <!-- tearDownClass -->
      </class> <!-- testFeature.RunnerClass -->
    </test> <!-- Test -->
  </suite> <!-- Suite -->
</testng-results>
