<?xml version="1.0" encoding="UTF-8"?>
<testsuite xmlns:xsi="http://www.w3.org/2001/XMLSchema-instance" xsi:noNamespaceSchemaLocation="https://maven.apache.org/surefire/maven-surefire-plugin/xsd/surefire-test-report-3.0.xsd" version="3.0" name="TestSuite" time="8.749" tests="2" errors="0" skipped="0" failures="0">
  <properties>
[...]
</properties>
  <testcase name="runScenario[&quot;Fill Registration Form&quot;, &quot;Register Page Functionality&quot;](1)" classname="testFeature.RunnerClass" time="4.934">
    <system-out><![CDATA[
Scenario: Fill Registration Form                        &amp#27;[90m# test/resource/behaviourFeature/ARegister.feature:2&amp#27;[0m
  &amp#27;[32mGiven &amp#27;[0m&amp#27;[32mUser is at home page&amp#27;[0m                            &amp#27;[90m# testFeature.RegisterSteps.user_is_at_home_page()&amp#27;[0m
  &amp#27;[32mWhen &amp#27;[0m&amp#27;[32mUser click on the register button on home page&amp#27;[0m   &amp#27;[90m# testFeature.RegisterSteps.user_click_on_the_register_button_on_home_page()&amp#27;[0m
  &amp#27;[32mThen &amp#27;[0m&amp#27;[32mUser navigate to the register page&amp#27;[0m               &amp#27;[90m# testFeature.RegisterSteps.user_navigate_to_the_register_page()&amp#27;[0m
  &amp#27;[32mWhen &amp#27;[0m&amp#27;[32mUser enter the first name as <&amp#27;[0m&amp#27;[32m&amp#27;[1m"test1"&amp#27;[0m&amp#27;[32m>&amp#27;[0m           &amp#27;[90m# testFeature.RegisterSteps.user_enter_the_first_name_as(java.lang.String)&amp#27;[0m
  &amp#27;[32mAnd &amp#27;[0m&amp#27;[32mUser enter the last name as <&amp#27;[0m&amp#27;[32m&amp#27;[1m"last1"&amp#27;[0m&amp#27;[32m>&amp#27;[0m             &amp#27;[90m# testFeature.RegisterSteps.user_enter_the_last_name_as(java.lang.String)&amp#27;[0m
  &amp#27;[32mAnd &amp#27;[0m&amp#27;[32mUser enter the email as <&amp#27;[0m&amp#27;[32m&amp#27;[1m"test@gmail.com"&amp#27;[0m&amp#27;[32m>&amp#27;[0m        &amp#27;[90m# testFeature.RegisterSteps.user_enter_the_email_as(java.lang.String)&amp#27;[0m
  &amp#27;[32mAnd &amp#27;[0m&amp#27;[32mUser enter the phone number as <&amp#27;[0m&amp#27;[32m&amp#27;[1m"1234567890"&amp#27;[0m&amp#27;[32m>&amp#27;[0m     &amp#27;[90m# testFeature.RegisterSteps.user_enter_the_phone_number_as(java.lang.String)&amp#27;[0m
  &amp#27;[32mAnd &amp#27;[0m&amp#27;[32mUser select the engineer from occupation dropdown&amp#27;[0m &amp#27;[90m# testFeature.RegisterSteps.user_select_the_engineer_from_occupation_dropdown()&amp#27;[0m
  &amp#27;[32mAnd &amp#27;[0m&amp#27;[32mUser select the gender radio button&amp#27;[0m               &amp#27;[90m# testFeature.RegisterSteps.user_select_the_gender_radio_button()&amp#27;[0m
  &amp#27;[32mAnd &amp#27;[0m&amp#27;[32mUser enter the password as <&amp#27;[0m&amp#27;[32m&amp#27;[1m"Test@123"&amp#27;[0m&amp#27;[32m>&amp#27;[0m           &amp#27;[90m# testFeature.RegisterSteps.user_enter_the_password_as(java.lang.String)&amp#27;[0m
  &amp#27;[32mAnd &amp#27;[0m&amp#27;[32mUser enter the confirm password as <&amp#27;[0m&amp#27;[32m&amp#27;[1m"Test@123"&amp#27;[0m&amp#27;[32m>&amp#27;[0m   &amp#27;[90m# testFeature.RegisterSteps.user_enter_the_confirm_password_as(java.lang.String)&amp#27;[0m
  &amp#27;[32mAnd &amp#27;[0m&amp#27;[32mUser click on the check box&amp#27;[0m                       &amp#27;[90m# testFeature.RegisterSteps.user_click_on_the_check_box()&amp#27;[0m
  &amp#27;[32mAnd &amp#27;[0m&amp#27;[32mUser click on the register button&amp#27;[0m                 &amp#27;[90m# testFeature.RegisterSteps.user_click_on_the_register_button()&amp#27;[0m
  &amp#27;[32mThen &amp#27;[0m&amp#27;[32mUser navigate to the account successful page&amp#27;[0m     &amp#27;[90m# testFeature.RegisterSteps.user_navigate_to_the_account_successful_page()&amp#27;[0m
  &amp#27;[32mWhen &amp#27;[0m&amp#27;[32mUser click on the login.&amp#27;[0m                         &amp#27;[90m# testFeature.RegisterSteps.user_click_on_the_login()&amp#27;[0m
]]></system-out>
    <system-err><![CDATA[SLF4J: Failed to load class "org.slf4j.impl.StaticLoggerBinder".
SLF4J: Defaulting to no-operation (NOP) logger implementation
SLF4J: See http://www.slf4j.org/codes.html#StaticLoggerBinder for further details.
]]></system-err>
  </testcase>
  <testcase name="runScenario[&quot;Login with username and password&quot;, &quot;login funcitionality&quot;](2)" classname="testFeature.RunnerClass" time="2.504">
    <system-out><![CDATA[
Scenario: Login with username and password        &amp#27;[90m# test/resource/behaviourFeature/BLogin.feature:2&amp#27;[0m
  &amp#27;[32mGiven &amp#27;[0m&amp#27;[32mUser is at login page&amp#27;[0m                     &amp#27;[90m# testFeature.LoginSteps.user_is_at_login_page()&amp#27;[0m
  &amp#27;[32mWhen &amp#27;[0m&amp#27;[32mUser enter the email as <&amp#27;[0m&amp#27;[32m&amp#27;[1m"test@gmail.com"&amp#27;[0m&amp#27;[32m>&amp#27;[0m &amp#27;[90m# testFeature.RegisterSteps.user_enter_the_email_as(java.lang.String)&amp#27;[0m
  &amp#27;[32mAnd &amp#27;[0m&amp#27;[32mUser enter the password as <&amp#27;[0m&amp#27;[32m&amp#27;[1m"Test@123"&amp#27;[0m&amp#27;[32m>&amp#27;[0m     &amp#27;[90m# testFeature.RegisterSteps.user_enter_the_password_as(java.lang.String)&amp#27;[0m
  &amp#27;[32mAnd &amp#27;[0m&amp#27;[32mUser click on the login button&amp#27;[0m              &amp#27;[90m# testFeature.LoginSteps.user_click_on_the_login_button()&amp#27;[0m
  &amp#27;[32mThen &amp#27;[0m&amp#27;[32mUser enters to the application&amp#27;[0m             &amp#27;[90m# testFeature.LoginSteps.user_enters_to_the_application()&amp#27;[0m
]]></system-out>
  </testcase>
</testsuite>